#
# A fatal error has been detected by the Java Runtime Environment:
#
#  EXCEPTION_ACCESS_VIOLATION (0xc0000005) at pc=0x000000005f80f566, pid=12736, tid=0x00000000000020b4
#
# JRE version: OpenJDK Runtime Environment (8.0_112-b06) (build 1.8.0_112-release-b06)
# Java VM: OpenJDK 64-Bit Server VM (25.112-b06 mixed mode windows-amd64 compressed oops)
# Problematic frame:
# V  [jvm.dll+0xff566]
#
# Failed to write core dump. Minidumps are not enabled by default on client versions of Windows
#
# If you would like to submit a bug report, please visit:
#   http://bugreport.java.com/bugreport/crash.jsp
#

---------------  T H R E A D  ---------------

Current thread (0x0000000015fc4800):  VMThread [stack: 0x0000000017050000,0x0000000017150000] [id=8372]

siginfo: ExceptionCode=0xc0000005, reading address 0xffffffffffffffff

Registers:
RAX=0x000000005fd22258, RBX=0x0000000000000018, RCX=0xca58afd8ca58afd8, RDX=0x000000005fe94320
RSP=0x000000001714efc8, RBP=0x000000005fe94320, RSI=0x0000000023f0c200, RDI=0x0000000000000001
R8 =0x000000005fe94320, R9 =0x000000001c1e7da0, R10=0x00000000000001fe, R11=0x000000001714f028
R12=0x0000000000000000, R13=0x0000000000000000, R14=0x000000005fcd8a60, R15=0x000000005fe94290
RIP=0x000000005f80f566, EFLAGS=0x0000000000010286

Top of Stack: (sp=0x000000001714efc8)
0x000000001714efc8:   000000005f819276 00000000222d4320
0x000000001714efd8:   00000000222d41a0 000000002613e428
0x000000001714efe8:   000000001fd12108 000000005fe94320
0x000000001714eff8:   000000005f81b15f 00000000222d4300
0x000000001714f008:   0000000000000000 00000000222d41a0
0x000000001714f018:   0000000023f0c200 0000000000000001
0x000000001714f028:   000000005f7f1796 000000000000003e
0x000000001714f038:   00000000000001f0 000000005fe94320
0x000000001714f048:   0000000100313800 0000000100313800
0x000000001714f058:   000000005f7f6f20 0000000100313800
0x000000001714f068:   000000005fe94320 000000001714f100
0x000000001714f078:   00000000083494c0 000000005fe94320
0x000000001714f088:   000000005f8105cc 0000000000000000
0x000000001714f098:   000000005fe94320 0000000000000006
0x000000001714f0a8:   000000005f7529ad 000000005fcd8a60
0x000000001714f0b8:   00000000000001fe ffffffffffffff00 

Instructions: (pc=0x000000005f80f566)
0x000000005f80f546:   c0 74 14 48 8b 50 78 48 85 d2 74 07 48 89 91 80
0x000000005f80f556:   00 00 00 48 89 48 78 f3 c3 cc 48 8b 02 4c 8b c2
0x000000005f80f566:   48 8b 51 68 49 8b c8 48 ff 20 48 89 5c 24 08 48
0x000000005f80f576:   89 74 24 10 57 48 83 ec 20 80 3d 1a 84 6b 00 00 


Register to memory mapping:

RAX=0x000000005fd22258 is an unknown value
RBX=0x0000000000000018 is an unknown value
RCX=0xca58afd8ca58afd8 is an unknown value
RDX=0x000000005fe94320 is an unknown value
RSP=0x000000001714efc8 is an unknown value
RBP=0x000000005fe94320 is an unknown value
RSI=0x0000000023f0c200 is an unknown value
RDI=0x0000000000000001 is an unknown value
R8 =0x000000005fe94320 is an unknown value
R9 =0x000000001c1e7da0 is an unknown value
R10=0x00000000000001fe is an unknown value
R11=0x000000001714f028 is an unknown value
R12=0x0000000000000000 is an unknown value
R13=0x0000000000000000 is an unknown value
R14=0x000000005fcd8a60 is an unknown value
R15=0x000000005fe94290 is an unknown value


Stack: [0x0000000017050000,0x0000000017150000],  sp=0x000000001714efc8,  free space=1019k
Native frames: (J=compiled Java code, j=interpreted, Vv=VM code, C=native code)
V  [jvm.dll+0xff566]

VM_Operation (0x000000005f62b620): ParallelGCFailedAllocation, mode: safepoint, requested by thread 0x000000001c041800


---------------  P R O C E S S  ---------------

Java Threads: ( => current thread )
  0x00000000219ab000 JavaThread "pool-303-thread-4" [_thread_blocked, id=5736, stack(0x0000000060bf0000,0x0000000060cf0000)]
  0x00000000219aa800 JavaThread "pool-303-thread-3" [_thread_blocked, id=12488, stack(0x0000000060af0000,0x0000000060bf0000)]
  0x000000001d0d1800 JavaThread "pool-303-thread-2" [_thread_blocked, id=4568, stack(0x00000000609f0000,0x0000000060af0000)]
  0x000000001d0d0000 JavaThread "pool-303-thread-1" [_thread_blocked, id=11176, stack(0x00000000608f0000,0x00000000609f0000)]
  0x000000001d0d5800 JavaThread "Cache update executor" [_thread_blocked, id=2424, stack(0x0000000060150000,0x0000000060250000)]
  0x000000001c042000 JavaThread "Stdin handler" [_thread_blocked, id=13252, stack(0x0000000060050000,0x0000000060150000)]
  0x000000001c03d800 JavaThread "Asynchronous log dispatcher for DefaultDaemonConnection: socket connection from /127.0.0.1:53341 to /127.0.0.1:65378" [_thread_blocked, id=6336, stack(0x000000005ff50000,0x0000000060050000)]
  0x000000001c041800 JavaThread "Daemon worker Thread 28" [_thread_blocked, id=13432, stack(0x000000005f530000,0x000000005f630000)]
  0x000000001c035800 JavaThread "Cancel handler" [_thread_blocked, id=10248, stack(0x000000005f430000,0x000000005f530000)]
  0x000000001c03a800 JavaThread "Handler for socket connection from /127.0.0.1:53341 to /127.0.0.1:65378" [_thread_in_native, id=7828, stack(0x000000005f330000,0x000000005f430000)]
  0x000000001c034000 JavaThread "Daemon Thread 28" [_thread_blocked, id=3280, stack(0x000000005f230000,0x000000005f330000)]
  0x000000001b71d000 JavaThread "pool-88-thread-4" [_thread_blocked, id=2772, stack(0x0000000036f30000,0x0000000037030000)]
  0x000000001c03d000 JavaThread "pool-88-thread-3" [_thread_blocked, id=6368, stack(0x0000000034d30000,0x0000000034e30000)]
  0x000000001c033000 JavaThread "pool-88-thread-2" [_thread_blocked, id=2896, stack(0x0000000034c30000,0x0000000034d30000)]
  0x000000001c036000 JavaThread "pool-88-thread-1" [_thread_blocked, id=8548, stack(0x0000000032630000,0x0000000032730000)]
  0x000000001b722000 JavaThread "pool-9-thread-4" [_thread_blocked, id=8716, stack(0x0000000024930000,0x0000000024a30000)]
  0x000000001b721800 JavaThread "pool-9-thread-3" [_thread_blocked, id=5572, stack(0x0000000024830000,0x0000000024930000)]
  0x000000001b720800 JavaThread "pool-9-thread-2" [_thread_blocked, id=7600, stack(0x0000000024730000,0x0000000024830000)]
  0x000000001b724800 JavaThread "pool-9-thread-1" [_thread_blocked, id=13908, stack(0x0000000024630000,0x0000000024730000)]
  0x0000000017b35000 JavaThread "File lock request listener" [_thread_in_native, id=9716, stack(0x000000001d8f0000,0x000000001d9f0000)]
  0x0000000018290800 JavaThread "pool-1-thread-1" [_thread_blocked, id=9620, stack(0x000000001a280000,0x000000001a380000)]
  0x000000001794d000 JavaThread "Incoming local TCP Connector on port 53341" [_thread_in_native, id=5820, stack(0x0000000019c50000,0x0000000019d50000)]
  0x0000000017941800 JavaThread "Service Thread" daemon [_thread_blocked, id=12620, stack(0x0000000017d40000,0x0000000017e40000)]
  0x000000001605a800 JavaThread "C1 CompilerThread2" daemon [_thread_blocked, id=4320, stack(0x0000000017840000,0x0000000017940000)]
  0x0000000016001800 JavaThread "C2 CompilerThread1" daemon [_thread_blocked, id=3900, stack(0x0000000017740000,0x0000000017840000)]
  0x0000000015ffc000 JavaThread "C2 CompilerThread0" daemon [_thread_blocked, id=8640, stack(0x0000000017640000,0x0000000017740000)]
  0x0000000015ffa800 JavaThread "Attach Listener" daemon [_thread_blocked, id=14000, stack(0x0000000017540000,0x0000000017640000)]
  0x0000000015ff9800 JavaThread "Signal Dispatcher" daemon [_thread_blocked, id=9484, stack(0x0000000017440000,0x0000000017540000)]
  0x0000000002665800 JavaThread "Finalizer" daemon [_thread_blocked, id=12936, stack(0x0000000017250000,0x0000000017350000)]
  0x0000000002660000 JavaThread "Reference Handler" daemon [_thread_blocked, id=13472, stack(0x0000000017150000,0x0000000017250000)]
  0x0000000002571000 JavaThread "main" [_thread_blocked, id=8176, stack(0x0000000002470000,0x0000000002570000)]

Other Threads:
=>0x0000000015fc4800 VMThread [stack: 0x0000000017050000,0x0000000017150000] [id=8372]
  0x0000000017942000 WatcherThread [stack: 0x0000000017e40000,0x0000000017f40000] [id=10344]

VM state:at safepoint (normal execution)

VM Mutex/Monitor currently owned by a thread:  ([mutex/lock_event])
[0x000000000245be20] Threads_lock - owner thread: 0x0000000015fc4800
[0x000000000245c2a0] Heap_lock - owner thread: 0x000000001c041800

Heap:
 PSYoungGen      total 445952K, used 128K [0x00000000e0000000, 0x0000000100000000, 0x0000000100000000)
  eden space 371200K, 0% used [0x00000000e0000000,0x00000000e0000000,0x00000000f6a80000)
  from space 74752K, 0% used [0x00000000f6a80000,0x00000000f6aa0000,0x00000000fb380000)
  to   space 74240K, 0% used [0x00000000fb780000,0x00000000fb780000,0x0000000100000000)
 ParOldGen       total 230400K, used 206969K [0x00000000a0000000, 0x00000000ae100000, 0x00000000e0000000)
  object space 230400K, 89% used [0x00000000a0000000,0x00000000aca1e4e8,0x00000000ae100000)
 Metaspace       used 103296K, capacity 111376K, committed 112896K, reserved 1148928K
  class space    used 12661K, capacity 13678K, committed 14080K, reserved 1048576K

Card table byte_map: [0x0000000011a30000,0x0000000011d40000] byte_map_base: 0x0000000011530000

Marking Bits: (ParMarkBitMap*) 0x000000005fed18f0
 Begin Bits: [0x0000000012340000, 0x0000000013b40000)
 End Bits:   [0x0000000013b40000, 0x0000000015340000)

Polling page: 0x0000000002410000

CodeCache: size=245760Kb used=93832Kb max_used=94462Kb free=151927Kb
 bounds [0x0000000002670000, 0x0000000008350000, 0x0000000011670000]
 total_blobs=25279 nmethods=24440 adapters=750
 compilation: enabled

Compilation events (10 events):
Event: 9623.786 Thread 0x000000001605a800 nmethod 33115 0x0000000007116690 code [0x00000000071169c0, 0x00000000071186e8]
Event: 9623.786 Thread 0x0000000016001800 33116       4       java.io.DataOutputStream::incCount (20 bytes)
Event: 9623.787 Thread 0x0000000016001800 nmethod 33116 0x0000000004f574d0 code [0x0000000004f57600, 0x0000000004f57678]
Event: 9623.793 Thread 0x0000000015ffc000 nmethod 33114 0x000000000339bb90 code [0x000000000339bd20, 0x000000000339c7e8]
Event: 9623.796 Thread 0x000000001605a800 33117       3       sun.security.provider.SecureRandom::updateState (81 bytes)
Event: 9623.797 Thread 0x000000001605a800 nmethod 33117 0x0000000008340d10 code [0x0000000008340e80, 0x0000000008341170]
Event: 9623.797 Thread 0x0000000016001800 33118       4       java.math.MutableBigInteger::mul (173 bytes)
Event: 9623.803 Thread 0x0000000016001800 nmethod 33118 0x0000000004722650 code [0x00000000047227a0, 0x0000000004722b48]
Event: 9623.869 Thread 0x0000000015ffc000 33119       4       com.android.apkzlib.zip.ZFile::reopenRw (174 bytes)
Event: 9623.874 Thread 0x0000000015ffc000 nmethod 33119 0x00000000070f7210 code [0x00000000070f73a0, 0x00000000070f75f0]

GC Heap History (10 events):
Event: 9619.195 GC heap after
Heap after GC invocations=82 (full 7):
 PSYoungGen      total 407552K, used 42933K [0x00000000e0000000, 0x00000000ffc00000, 0x0000000100000000)
  eden space 364544K, 0% used [0x00000000e0000000,0x00000000e0000000,0x00000000f6400000)
  from space 43008K, 99% used [0x00000000f6400000,0x00000000f8ded628,0x00000000f8e00000)
  to   space 77824K, 0% used [0x00000000fb000000,0x00000000fb000000,0x00000000ffc00000)
 ParOldGen       total 230400K, used 175977K [0x00000000a0000000, 0x00000000ae100000, 0x00000000e0000000)
  object space 230400K, 76% used [0x00000000a0000000,0x00000000aabda540,0x00000000ae100000)
 Metaspace       used 102726K, capacity 110798K, committed 112384K, reserved 1146880K
  class space    used 12607K, capacity 13613K, committed 14080K, reserved 1048576K
}
Event: 9621.072 GC heap before
{Heap before GC invocations=83 (full 7):
 PSYoungGen      total 407552K, used 407477K [0x00000000e0000000, 0x00000000ffc00000, 0x0000000100000000)
  eden space 364544K, 100% used [0x00000000e0000000,0x00000000f6400000,0x00000000f6400000)
  from space 43008K, 99% used [0x00000000f6400000,0x00000000f8ded628,0x00000000f8e00000)
  to   space 77824K, 0% used [0x00000000fb000000,0x00000000fb000000,0x00000000ffc00000)
 ParOldGen       total 230400K, used 176129K [0x00000000a0000000, 0x00000000ae100000, 0x00000000e0000000)
  object space 230400K, 76% used [0x00000000a0000000,0x00000000aac004f8,0x00000000ae100000)
 Metaspace       used 102752K, capacity 110798K, committed 112384K, reserved 1146880K
  class space    used 12607K, capacity 13613K, committed 14080K, reserved 1048576K
Event: 9621.138 GC heap after
Heap after GC invocations=83 (full 7):
 PSYoungGen      total 443904K, used 15902K [0x00000000e0000000, 0x0000000100000000, 0x0000000100000000)
  eden space 366080K, 0% used [0x00000000e0000000,0x00000000e0000000,0x00000000f6580000)
  from space 77824K, 20% used [0x00000000fb000000,0x00000000fbf87b80,0x00000000ffc00000)
  to   space 76288K, 0% used [0x00000000f6580000,0x00000000f6580000,0x00000000fb000000)
 ParOldGen       total 230400K, used 189102K [0x00000000a0000000, 0x00000000ae100000, 0x00000000e0000000)
  object space 230400K, 82% used [0x00000000a0000000,0x00000000ab8ab9b8,0x00000000ae100000)
 Metaspace       used 102752K, capacity 110798K, committed 112384K, reserved 1146880K
  class space    used 12607K, capacity 13613K, committed 14080K, reserved 1048576K
}
Event: 9621.142 GC heap before
{Heap before GC invocations=84 (full 7):
 PSYoungGen      total 443904K, used 16227K [0x00000000e0000000, 0x0000000100000000, 0x0000000100000000)
  eden space 366080K, 0% used [0x00000000e0000000,0x00000000e0051330,0x00000000f6580000)
  from space 77824K, 20% used [0x00000000fb000000,0x00000000fbf87b80,0x00000000ffc00000)
  to   space 76288K, 0% used [0x00000000f6580000,0x00000000f6580000,0x00000000fb000000)
 ParOldGen       total 230400K, used 189102K [0x00000000a0000000, 0x00000000ae100000, 0x00000000e0000000)
  object space 230400K, 82% used [0x00000000a0000000,0x00000000ab8ab9b8,0x00000000ae100000)
 Metaspace       used 102752K, capacity 110798K, committed 112384K, reserved 1146880K
  class space    used 12607K, capacity 13613K, committed 14080K, reserved 1048576K
Event: 9621.176 GC heap after
Heap after GC invocations=84 (full 7):
 PSYoungGen      total 442368K, used 96K [0x00000000e0000000, 0x00000000fff80000, 0x0000000100000000)
  eden space 366080K, 0% used [0x00000000e0000000,0x00000000e0000000,0x00000000f6580000)
  from space 76288K, 0% used [0x00000000f6580000,0x00000000f6598000,0x00000000fb000000)
  to   space 76800K, 0% used [0x00000000fb480000,0x00000000fb480000,0x00000000fff80000)
 ParOldGen       total 230400K, used 203699K [0x00000000a0000000, 0x00000000ae100000, 0x00000000e0000000)
  object space 230400K, 88% used [0x00000000a0000000,0x00000000ac6ecf40,0x00000000ae100000)
 Metaspace       used 102752K, capacity 110798K, committed 112384K, reserved 1146880K
  class space    used 12607K, capacity 13613K, committed 14080K, reserved 1048576K
}
Event: 9623.826 GC heap before
{Heap before GC invocations=85 (full 7):
 PSYoungGen      total 442368K, used 365939K [0x00000000e0000000, 0x00000000fff80000, 0x0000000100000000)
  eden space 366080K, 99% used [0x00000000e0000000,0x00000000f6544f00,0x00000000f6580000)
  from space 76288K, 0% used [0x00000000f6580000,0x00000000f6598000,0x00000000fb000000)
  to   space 76800K, 0% used [0x00000000fb480000,0x00000000fb480000,0x00000000fff80000)
 ParOldGen       total 230400K, used 203699K [0x00000000a0000000, 0x00000000ae100000, 0x00000000e0000000)
  object space 230400K, 88% used [0x00000000a0000000,0x00000000ac6ecf40,0x00000000ae100000)
 Metaspace       used 103296K, capacity 111376K, committed 112896K, reserved 1148928K
  class space    used 12661K, capacity 13678K, committed 14080K, reserved 1048576K
Event: 9623.835 GC heap after
Heap after GC invocations=85 (full 7):
 PSYoungGen      total 444928K, used 9417K [0x00000000e0000000, 0x00000000ffc80000, 0x0000000100000000)
  eden space 371200K, 0% used [0x00000000e0000000,0x00000000e0000000,0x00000000f6a80000)
  from space 73728K, 12% used [0x00000000fb480000,0x00000000fbdb2688,0x00000000ffc80000)
  to   space 74752K, 0% used [0x00000000f6a80000,0x00000000f6a80000,0x00000000fb380000)
 ParOldGen       total 230400K, used 203731K [0x00000000a0000000, 0x00000000ae100000, 0x00000000e0000000)
  object space 230400K, 88% used [0x00000000a0000000,0x00000000ac6f4f40,0x00000000ae100000)
 Metaspace       used 103296K, capacity 111376K, committed 112896K, reserved 1148928K
  class space    used 12661K, capacity 13678K, committed 14080K, reserved 1048576K
}
Event: 9623.919 GC heap before
{Heap before GC invocations=86 (full 7):
 PSYoungGen      total 444928K, used 379892K [0x00000000e0000000, 0x00000000ffc80000, 0x0000000100000000)
  eden space 371200K, 99% used [0x00000000e0000000,0x00000000f69cab40,0x00000000f6a80000)
  from space 73728K, 12% used [0x00000000fb480000,0x00000000fbdb2688,0x00000000ffc80000)
  to   space 74752K, 0% used [0x00000000f6a80000,0x00000000f6a80000,0x00000000fb380000)
 ParOldGen       total 230400K, used 203731K [0x00000000a0000000, 0x00000000ae100000, 0x00000000e0000000)
  object space 230400K, 88% used [0x00000000a0000000,0x00000000ac6f4f40,0x00000000ae100000)
 Metaspace       used 103296K, capacity 111376K, committed 112896K, reserved 1148928K
  class space    used 12661K, capacity 13678K, committed 14080K, reserved 1048576K
Event: 9623.925 GC heap after
Heap after GC invocations=86 (full 7):
 PSYoungGen      total 445952K, used 128K [0x00000000e0000000, 0x0000000100000000, 0x0000000100000000)
  eden space 371200K, 0% used [0x00000000e0000000,0x00000000e0000000,0x00000000f6a80000)
  from space 74752K, 0% used [0x00000000f6a80000,0x00000000f6aa0000,0x00000000fb380000)
  to   space 74240K, 0% used [0x00000000fb780000,0x00000000fb780000,0x0000000100000000)
 ParOldGen       total 230400K, used 206969K [0x00000000a0000000, 0x00000000ae100000, 0x00000000e0000000)
  object space 230400K, 89% used [0x00000000a0000000,0x00000000aca1e4e8,0x00000000ae100000)
 Metaspace       used 103296K, capacity 111376K, committed 112896K, reserved 1148928K
  class space    used 12661K, capacity 13678K, committed 14080K, reserved 1048576K
}
Event: 9623.925 GC heap before
{Heap before GC invocations=87 (full 8):
 PSYoungGen      total 445952K, used 128K [0x00000000e0000000, 0x0000000100000000, 0x0000000100000000)
  eden space 371200K, 0% used [0x00000000e0000000,0x00000000e0000000,0x00000000f6a80000)
  from space 74752K, 0% used [0x00000000f6a80000,0x00000000f6aa0000,0x00000000fb380000)
  to   space 74240K, 0% used [0x00000000fb780000,0x00000000fb780000,0x0000000100000000)
 ParOldGen       total 230400K, used 206969K [0x00000000a0000000, 0x00000000ae100000, 0x00000000e0000000)
  object space 230400K, 89% used [0x00000000a0000000,0x00000000aca1e4e8,0x00000000ae100000)
 Metaspace       used 103296K, capacity 111376K, committed 112896K, reserved 1148928K
  class space    used 12661K, capacity 13678K, committed 14080K, reserved 1048576K

Deoptimization events (10 events):
Event: 9622.472 Thread 0x000000001b724800 Uncommon trap: reason=unstable_if action=reinterpret pc=0x0000000002eb20a4 method=java.util.HashMap.getNode(ILjava/lang/Object;)Ljava/util/HashMap$Node; @ 84
Event: 9622.835 Thread 0x000000001b724800 Uncommon trap: reason=unstable_if action=reinterpret pc=0x00000000081f0ad8 method=com.android.dx.merge.DexMerger$IdMerger.mergeSorted()V @ 103
Event: 9622.835 Thread 0x000000001b724800 Uncommon trap: reason=unstable_if action=reinterpret pc=0x00000000081d9dc4 method=com.android.dx.merge.DexMerger$IdMerger.readIntoMap(Lcom/android/dex/Dex$Section;Lcom/android/dex/TableOfContents$Section;Lcom/android/dx/merge/IndexMap;ILjava/util/TreeMap;I
Event: 9622.884 Thread 0x000000001b724800 Uncommon trap: reason=bimorphic action=maybe_recompile pc=0x00000000081e52fc method=com.android.dx.merge.DexMerger$IdMerger.mergeSorted()V @ 373
Event: 9622.890 Thread 0x000000001b724800 Uncommon trap: reason=bimorphic action=maybe_recompile pc=0x00000000081e52fc method=com.android.dx.merge.DexMerger$IdMerger.mergeSorted()V @ 373
Event: 9622.901 Thread 0x000000001b724800 Uncommon trap: reason=bimorphic action=maybe_recompile pc=0x00000000081e52fc method=com.android.dx.merge.DexMerger$IdMerger.mergeSorted()V @ 373
Event: 9623.214 Thread 0x000000001b724800 Uncommon trap: reason=class_check action=maybe_recompile pc=0x0000000004b045d0 method=java.util.Formatter$FixedString.print(Ljava/lang/Object;Ljava/util/Locale;)V @ 11
Event: 9623.215 Thread 0x000000001b724800 Uncommon trap: reason=class_check action=maybe_recompile pc=0x0000000004b045d0 method=java.util.Formatter$FixedString.print(Ljava/lang/Object;Ljava/util/Locale;)V @ 11
Event: 9623.215 Thread 0x000000001b724800 Uncommon trap: reason=class_check action=maybe_recompile pc=0x0000000004b045d0 method=java.util.Formatter$FixedString.print(Ljava/lang/Object;Ljava/util/Locale;)V @ 11
Event: 9623.215 Thread 0x000000001b724800 Uncommon trap: reason=class_check action=maybe_recompile pc=0x0000000004b045d0 method=java.util.Formatter$FixedString.print(Ljava/lang/Object;Ljava/util/Locale;)V @ 11

Internal exceptions (10 events):
Event: 9619.457 Thread 0x00000000219ad800 Implicit null exception at 0x000000000811ede8 to 0x000000000811f3a5
Event: 9619.481 Thread 0x00000000219ab000 Exception <a 'sun/nio/fs/WindowsException'> (0x00000000e58ba1c0) thrown at [C:\src\android\AOSP-openjdk\external\jetbrains\jdk\hotspot\src\share\vm\prims\jni.cpp, line 709]
Event: 9621.037 Thread 0x000000001d0d1800 Exception <a 'sun/nio/fs/WindowsException'> (0x00000000f6261798) thrown at [C:\src\android\AOSP-openjdk\external\jetbrains\jdk\hotspot\src\share\vm\prims\jni.cpp, line 709]
Event: 9621.227 Thread 0x000000001d0d0000 Exception <a 'sun/nio/fs/WindowsException'> (0x00000000e039baa0) thrown at [C:\src\android\AOSP-openjdk\external\jetbrains\jdk\hotspot\src\share\vm\prims\jni.cpp, line 709]
Event: 9621.287 Thread 0x000000001d0d1800 Exception <a 'sun/nio/fs/WindowsException'> (0x00000000e0aae620) thrown at [C:\src\android\AOSP-openjdk\external\jetbrains\jdk\hotspot\src\share\vm\prims\jni.cpp, line 709]
Event: 9621.316 Thread 0x00000000219aa800 Exception <a 'sun/nio/fs/WindowsException'> (0x00000000e0b0a880) thrown at [C:\src\android\AOSP-openjdk\external\jetbrains\jdk\hotspot\src\share\vm\prims\jni.cpp, line 709]
Event: 9622.329 Thread 0x000000001b724800 Implicit null exception at 0x00000000071a6024 to 0x00000000071a7559
Event: 9622.331 Thread 0x000000001b724800 Implicit null exception at 0x0000000006ef264c to 0x0000000006ef2aad
Event: 9622.331 Thread 0x000000001b724800 Implicit null exception at 0x0000000003b2bbd3 to 0x0000000003b2bdb9
Event: 9622.835 Thread 0x000000001b724800 Implicit null exception at 0x00000000081d95b7 to 0x00000000081d9da1

Events (10 events):
Event: 9623.836 Executing VM operation: RevokeBias
Event: 9623.836 Executing VM operation: RevokeBias done
Event: 9623.836 Executing VM operation: RevokeBias
Event: 9623.836 Executing VM operation: RevokeBias done
Event: 9623.836 Executing VM operation: RevokeBias
Event: 9623.837 Executing VM operation: RevokeBias done
Event: 9623.879 Thread 0x0000000015ffc000 flushing nmethod 0x00000000077f2590
Event: 9623.880 Thread 0x0000000015ffc000 flushing nmethod 0x0000000007810e10
Event: 9623.901 Thread 0x00000000219a9800 Thread exited: 0x00000000219a9800
Event: 9623.919 Executing VM operation: ParallelGCFailedAllocation


Dynamic libraries:
0x00007ff6e89c0000 - 0x00007ff6e89f1000 	C:\Program Files\Android\Android Studio\jre\bin\java.exe
0x00007ff96d250000 - 0x00007ff96d42b000 	C:\WINDOWS\SYSTEM32\ntdll.dll
0x00007ff94d460000 - 0x00007ff94d493000 	C:\Program Files\AVAST Software\Avast\x64\aswhooka.dll
0x00007ff96a990000 - 0x00007ff96aa3e000 	C:\WINDOWS\System32\KERNEL32.DLL
0x00007ff96a210000 - 0x00007ff96a459000 	C:\WINDOWS\System32\KERNELBASE.dll
0x00007ff96b890000 - 0x00007ff96b931000 	C:\WINDOWS\System32\ADVAPI32.dll
0x00007ff96b1e0000 - 0x00007ff96b27d000 	C:\WINDOWS\System32\msvcrt.dll
0x00007ff96b940000 - 0x00007ff96b999000 	C:\WINDOWS\System32\sechost.dll
0x00007ff96cfa0000 - 0x00007ff96d0c5000 	C:\WINDOWS\System32\RPCRT4.dll
0x00007ff96a840000 - 0x00007ff96a98a000 	C:\WINDOWS\System32\USER32.dll
0x00007ff96a560000 - 0x00007ff96a57e000 	C:\WINDOWS\System32\win32u.dll
0x00007ff96a7b0000 - 0x00007ff96a7d7000 	C:\WINDOWS\System32\GDI32.dll
0x00007ff969fd0000 - 0x00007ff96a158000 	C:\WINDOWS\System32\gdi32full.dll
0x00007ff969ec0000 - 0x00007ff969f5a000 	C:\WINDOWS\System32\msvcp_win.dll
0x00007ff96a460000 - 0x00007ff96a556000 	C:\WINDOWS\System32\ucrtbase.dll
0x00007ff95d210000 - 0x00007ff95d477000 	C:\WINDOWS\WinSxS\amd64_microsoft.windows.common-controls_6595b64144ccf1df_6.0.15063.483_none_26002d27e7c744a2\COMCTL32.dll
0x00007ff96ae40000 - 0x00007ff96b139000 	C:\WINDOWS\System32\combase.dll
0x00007ff969f60000 - 0x00007ff969fca000 	C:\WINDOWS\System32\bcryptPrimitives.dll
0x00007ff96b1b0000 - 0x00007ff96b1dd000 	C:\WINDOWS\System32\IMM32.DLL
0x000000005f630000 - 0x000000005f702000 	C:\Program Files\Android\Android Studio\jre\jre\bin\msvcr100.dll
0x000000005f710000 - 0x000000005ff4c000 	C:\Program Files\Android\Android Studio\jre\jre\bin\server\jvm.dll
0x00007ff96cf90000 - 0x00007ff96cf98000 	C:\WINDOWS\System32\PSAPI.DLL
0x00007ff965200000 - 0x00007ff965209000 	C:\WINDOWS\SYSTEM32\WSOCK32.dll
0x00007ff96b140000 - 0x00007ff96b1ac000 	C:\WINDOWS\System32\WS2_32.dll
0x00007ff967810000 - 0x00007ff967833000 	C:\WINDOWS\SYSTEM32\WINMM.dll
0x00007ff9611c0000 - 0x00007ff9611ca000 	C:\WINDOWS\SYSTEM32\VERSION.dll
0x00007ff967680000 - 0x00007ff9676ab000 	C:\WINDOWS\SYSTEM32\WINMMBASE.dll
0x00007ff969770000 - 0x00007ff9697b9000 	C:\WINDOWS\System32\cfgmgr32.dll
0x00007ff95c880000 - 0x00007ff95c88f000 	C:\Program Files\Android\Android Studio\jre\jre\bin\verify.dll
0x00007ff94d710000 - 0x00007ff94d739000 	C:\Program Files\Android\Android Studio\jre\jre\bin\java.dll
0x00007ff9511b0000 - 0x00007ff9511c6000 	C:\Program Files\Android\Android Studio\jre\jre\bin\zip.dll
0x00007ff96bb50000 - 0x00007ff96cf87000 	C:\WINDOWS\System32\SHELL32.dll
0x00007ff96ad90000 - 0x00007ff96ae3a000 	C:\WINDOWS\System32\shcore.dll
0x00007ff9697c0000 - 0x00007ff969eb2000 	C:\WINDOWS\System32\windows.storage.dll
0x00007ff96a7e0000 - 0x00007ff96a831000 	C:\WINDOWS\System32\shlwapi.dll
0x00007ff969710000 - 0x00007ff969721000 	C:\WINDOWS\System32\kernel.appcore.dll
0x00007ff9696c0000 - 0x00007ff96970c000 	C:\WINDOWS\System32\powrprof.dll
0x00007ff969750000 - 0x00007ff969765000 	C:\WINDOWS\System32\profapi.dll
0x00007ff94cc70000 - 0x00007ff94cc8a000 	C:\Program Files\Android\Android Studio\jre\jre\bin\net.dll
0x00007ff968f70000 - 0x00007ff968fcc000 	C:\WINDOWS\system32\mswsock.dll
0x00007ff949c80000 - 0x00007ff949c91000 	C:\Program Files\Android\Android Studio\jre\jre\bin\nio.dll
0x00007ff951cf0000 - 0x00007ff951d0e000 	C:\Users\Stanley\.gradle\native\23\windows-amd64\native-platform.dll
0x00007ff969110000 - 0x00007ff969127000 	C:\WINDOWS\SYSTEM32\CRYPTSP.dll
0x00007ff968b90000 - 0x00007ff968bc4000 	C:\WINDOWS\system32\rsaenh.dll
0x00007ff969590000 - 0x00007ff9695b5000 	C:\WINDOWS\SYSTEM32\bcrypt.dll
0x00007ff9695c0000 - 0x00007ff9695e9000 	C:\WINDOWS\SYSTEM32\USERENV.dll
0x00007ff969130000 - 0x00007ff96913b000 	C:\WINDOWS\SYSTEM32\CRYPTBASE.dll
0x00007ff968d10000 - 0x00007ff968d47000 	C:\WINDOWS\SYSTEM32\IPHLPAPI.DLL
0x00007ff96ad20000 - 0x00007ff96ad28000 	C:\WINDOWS\System32\NSI.dll
0x00007ff95b7c0000 - 0x00007ff95b7d6000 	C:\WINDOWS\SYSTEM32\dhcpcsvc6.DLL
0x00007ff95b710000 - 0x00007ff95b72a000 	C:\WINDOWS\SYSTEM32\dhcpcsvc.DLL
0x00007ff95c2e0000 - 0x00007ff95c2ed000 	C:\Program Files\Android\Android Studio\jre\jre\bin\management.dll
0x00007ff949b00000 - 0x00007ff949b24000 	C:\Program Files\Android\Android Studio\jre\jre\bin\sunec.dll
0x00007ff968d50000 - 0x00007ff968df4000 	C:\WINDOWS\SYSTEM32\DNSAPI.dll
0x00000000604c0000 - 0x00000000604e6000 	C:\Program Files\Bonjour\mdnsNSP.dll
0x00007ff959390000 - 0x00007ff95939a000 	C:\Windows\System32\rasadhlp.dll
0x00007ff95c320000 - 0x00007ff95c38b000 	C:\WINDOWS\System32\fwpuclnt.dll
0x00007ff952050000 - 0x00007ff95205b000 	C:\Program Files\Android\Android Studio\jre\jre\bin\sunmscapi.dll
0x00007ff96a5e0000 - 0x00007ff96a7a9000 	C:\WINDOWS\System32\CRYPT32.dll
0x00007ff969730000 - 0x00007ff969741000 	C:\WINDOWS\System32\MSASN1.dll
0x00007ff9689c0000 - 0x00007ff9689f1000 	C:\WINDOWS\SYSTEM32\ntmarta.dll
0x00007ff964f70000 - 0x00007ff965119000 	C:\WINDOWS\SYSTEM32\dbghelp.dll

VM Arguments:
jvm_args: -Xmx1536m -Dfile.encoding=windows-1252 -Duser.country=SG -Duser.language=en -Duser.variant 
java_command: org.gradle.launcher.daemon.bootstrap.GradleDaemon 3.3
java_class_path (initial): C:\Users\Stanley\.gradle\wrapper\dists\gradle-3.3-all\55gk2rcmfc6p2dg9u9ohc3hw9\gradle-3.3\lib\gradle-launcher-3.3.jar
Launcher Type: SUN_STANDARD

Environment Variables:
PATH=C:\ProgramData\Oracle\Java\javapath;C:\Windows\system32;C:\Windows;C:\Windows\System32\Wbem;C:\Windows\System32\WindowsPowerShell\v1.0\;C:\Program Files (x86)\NVIDIA Corporation\PhysX\Common;C:\Program Files\MySQL\MySQL Utilities 1.6\;C:\WINDOWS\system32;C:\WINDOWS;C:\WINDOWS\System32\Wbem;C:\WINDOWS\System32\WindowsPowerShell\v1.0\;C:\Users\Stanley\AppData\Local\Microsoft\WindowsApps;
USERNAME=Stanley
OS=Windows_NT
PROCESSOR_IDENTIFIER=Intel64 Family 6 Model 69 Stepping 1, GenuineIntel



---------------  S Y S T E M  ---------------

OS: Windows 10.0 , 64 bit Build 15063 (10.0.15063.296)

CPU:total 4 (2 cores per cpu, 2 threads per core) family 6 model 69 stepping 1, cmov, cx8, fxsr, mmx, sse, sse2, sse3, ssse3, sse4.1, sse4.2, popcnt, avx, avx2, aes, clmul, erms, lzcnt, ht, tsc, tscinvbit, bmi1, bmi2

Memory: 4k page, physical 8269272k(2275044k free), swap 15347160k(6265784k free)

vm_info: OpenJDK 64-Bit Server VM (25.112-b06) for windows-amd64 JRE (1.8.0_112-release-b06), built on Dec  8 2016 00:54:26 by "builder" with MS VC++ 10.0 (VS2010)

time: Sat Jul 15 01:12:52 2017
elapsed time: 9624 seconds (0d 2h 40m 24s)

